2023-03-24 18:01:39,308 p=80779 u=osboxes n=ansible | ERROR! the playbook: sudo could not be found
2023-03-24 18:01:49,152 p=80781 u=osboxes n=ansible | [DEPRECATION WARNING]: "include" is deprecated, use include_tasks/import_tasks instead. This feature will be 
removed in version 2.16. Deprecation warnings can be disabled by setting deprecation_warnings=False in 
ansible.cfg.
2023-03-24 18:01:49,169 p=80781 u=osboxes n=ansible | ERROR! Unable to retrieve file contents
Could not find or access '/home/osboxes/ansible/client.yml' on the Ansible Controller.
If you are using a module and expect the file to exist on the remote, see the remote_src option
2023-03-24 18:09:07,941 p=80804 u=osboxes n=ansible | [WARNING]: No inventory was parsed, only implicit localhost is available

2023-03-24 18:09:07,943 p=80804 u=osboxes n=ansible | [WARNING]: provided hosts list is empty, only localhost is available. Note that the implicit localhost does not
match 'all'

2023-03-24 18:09:08,018 p=80804 u=osboxes n=ansible | [DEPRECATION WARNING]: "include" is deprecated, use include_tasks/import_tasks instead. This feature will be 
removed in version 2.16. Deprecation warnings can be disabled by setting deprecation_warnings=False in 
ansible.cfg.
2023-03-24 18:09:08,035 p=80804 u=osboxes n=ansible | ERROR! Unable to retrieve file contents
Could not find or access '/home/osboxes/ansible/client.yml' on the Ansible Controller.
If you are using a module and expect the file to exist on the remote, see the remote_src option
2023-03-24 18:10:21,226 p=80807 u=osboxes n=ansible | [WARNING]: No inventory was parsed, only implicit localhost is available

2023-03-24 18:10:21,228 p=80807 u=osboxes n=ansible | [WARNING]: provided hosts list is empty, only localhost is available. Note that the implicit localhost does not
match 'all'

2023-03-24 18:10:21,300 p=80807 u=osboxes n=ansible | [DEPRECATION WARNING]: "include" is deprecated, use include_tasks/import_tasks instead. This feature will be 
removed in version 2.16. Deprecation warnings can be disabled by setting deprecation_warnings=False in 
ansible.cfg.
2023-03-24 18:10:21,317 p=80807 u=osboxes n=ansible | ERROR! Unable to retrieve file contents
Could not find or access '/home/osboxes/ansible/client.yml' on the Ansible Controller.
If you are using a module and expect the file to exist on the remote, see the remote_src option
2023-03-24 18:14:45,234 p=80822 u=osboxes n=ansible | [WARNING]: No inventory was parsed, only implicit localhost is available

2023-03-24 18:14:45,237 p=80822 u=osboxes n=ansible | [WARNING]: provided hosts list is empty, only localhost is available. Note that the implicit localhost does not
match 'all'

2023-03-24 18:14:45,336 p=80822 u=osboxes n=ansible | [WARNING]: Could not match supplied host pattern, ignoring: vpn

2023-03-24 18:14:45,337 p=80822 u=osboxes n=ansible | PLAY [vpn] ******************************************************************************************************
2023-03-24 18:14:45,337 p=80822 u=osboxes n=ansible | skipping: no hosts matched
2023-03-24 18:14:45,337 p=80822 u=osboxes n=ansible | PLAY RECAP ******************************************************************************************************
2023-03-24 18:16:53,883 p=80832 u=osboxes n=ansible | PLAY [vpn] ******************************************************************************************************
2023-03-24 18:16:53,910 p=80832 u=osboxes n=ansible | TASK [Gathering Facts] ******************************************************************************************
2023-03-24 18:16:55,613 p=80832 u=osboxes n=ansible | ok: [192.168.1.10]
2023-03-24 18:16:55,624 p=80832 u=osboxes n=ansible | TASK [ansible-role-openvpn : include_tasks] *********************************************************************
2023-03-24 18:16:55,639 p=80832 u=osboxes n=ansible | included: /home/osboxes/ansible/roles/ansible-role-openvpn/tasks/server.yml for 192.168.1.10
2023-03-24 18:16:55,659 p=80832 u=osboxes n=ansible | TASK [ansible-role-openvpn : Install packages OpenVPN] **********************************************************
2023-03-24 18:17:12,574 p=80832 u=osboxes n=ansible | changed: [192.168.1.10]
2023-03-24 18:17:12,580 p=80832 u=osboxes n=ansible | TASK [ansible-role-openvpn : include_tasks] *********************************************************************
2023-03-24 18:17:12,594 p=80832 u=osboxes n=ansible | fatal: [192.168.1.10]: FAILED! => 
  reason: Could not find or access '/home/osboxes/ansible/client.yml' on the Ansible Controller.
2023-03-24 18:17:12,595 p=80832 u=osboxes n=ansible | PLAY RECAP ******************************************************************************************************
2023-03-24 18:17:12,595 p=80832 u=osboxes n=ansible | 192.168.1.10               : ok=3    changed=1    unreachable=0    failed=1    skipped=0    rescued=0    ignored=0   
2023-03-24 19:51:58,909 p=80947 u=osboxes n=ansible | Using /home/osboxes/ansible/ansible.cfg as config file
2023-03-24 19:51:59,007 p=80947 u=osboxes n=ansible | PLAY [vpn] ******************************************************************************************************
2023-03-24 19:51:59,028 p=80947 u=osboxes n=ansible | TASK [Gathering Facts] ******************************************************************************************
2023-03-24 19:52:00,408 p=80947 u=osboxes n=ansible | ok: [192.168.1.10]
2023-03-24 19:52:00,418 p=80947 u=osboxes n=ansible | TASK [ansible-role-openvpn : include_tasks] *********************************************************************
2023-03-24 19:52:00,432 p=80947 u=osboxes n=ansible | fatal: [192.168.1.10]: FAILED! => 
  reason: |-
    We were unable to read either as JSON nor YAML, these are the errors we got from each:
    JSON: Expecting value: line 1 column 1 (char 0)
  
    Syntax Error while loading YAML.
      mapping values are not allowed in this context
  
    The error appears to be in '/home/osboxes/ansible/roles/ansible-role-openvpn/tasks/server.yml': line 10, column 11, but may
    be elsewhere in the file depending on the exact syntax problem.
  
    The offending line appears to be:
  
        update_cache: yes
         state: present
              ^ here
2023-03-24 19:52:00,433 p=80947 u=osboxes n=ansible | PLAY RECAP ******************************************************************************************************
2023-03-24 19:52:00,434 p=80947 u=osboxes n=ansible | 192.168.1.10               : ok=1    changed=0    unreachable=0    failed=1    skipped=0    rescued=0    ignored=0   
2023-03-24 19:54:44,409 p=80968 u=osboxes n=ansible | Using /home/osboxes/ansible/ansible.cfg as config file
2023-03-24 19:54:44,503 p=80968 u=osboxes n=ansible | PLAY [vpn] ******************************************************************************************************
2023-03-24 19:54:44,524 p=80968 u=osboxes n=ansible | TASK [Gathering Facts] ******************************************************************************************
2023-03-24 19:54:45,801 p=80968 u=osboxes n=ansible | ok: [192.168.1.10]
2023-03-24 19:54:45,812 p=80968 u=osboxes n=ansible | TASK [ansible-role-openvpn : include_tasks] *********************************************************************
2023-03-24 19:54:45,827 p=80968 u=osboxes n=ansible | fatal: [192.168.1.10]: FAILED! => 
  reason: |-
    conflicting action statements: ansible.posix.sysctl, failde_when
  
    The error appears to be in '/home/osboxes/ansible/roles/ansible-role-openvpn/tasks/server.yml': line 11, column 3, but may
    be elsewhere in the file depending on the exact syntax problem.
  
    The offending line appears to be:
  
  
    - name: Enable IPv4 forwarding
      ^ here
2023-03-24 19:54:45,829 p=80968 u=osboxes n=ansible | PLAY RECAP ******************************************************************************************************
2023-03-24 19:54:45,829 p=80968 u=osboxes n=ansible | 192.168.1.10               : ok=1    changed=0    unreachable=0    failed=1    skipped=0    rescued=0    ignored=0   
2023-03-24 19:55:58,398 p=80995 u=osboxes n=ansible | Using /home/osboxes/ansible/ansible.cfg as config file
2023-03-24 19:55:58,494 p=80995 u=osboxes n=ansible | PLAY [vpn] ******************************************************************************************************
2023-03-24 19:55:58,515 p=80995 u=osboxes n=ansible | TASK [Gathering Facts] ******************************************************************************************
2023-03-24 19:55:59,757 p=80995 u=osboxes n=ansible | ok: [192.168.1.10]
2023-03-24 19:55:59,768 p=80995 u=osboxes n=ansible | TASK [ansible-role-openvpn : include_tasks] *********************************************************************
2023-03-24 19:55:59,784 p=80995 u=osboxes n=ansible | fatal: [192.168.1.10]: FAILED! => 
  reason: |-
    conflicting action statements: sysctl, failde_when
  
    The error appears to be in '/home/osboxes/ansible/roles/ansible-role-openvpn/tasks/server.yml': line 11, column 3, but may
    be elsewhere in the file depending on the exact syntax problem.
  
    The offending line appears to be:
  
  
    - name: Enable IPv4 forwarding
      ^ here
2023-03-24 19:55:59,785 p=80995 u=osboxes n=ansible | PLAY RECAP ******************************************************************************************************
2023-03-24 19:55:59,785 p=80995 u=osboxes n=ansible | 192.168.1.10               : ok=1    changed=0    unreachable=0    failed=1    skipped=0    rescued=0    ignored=0   
2023-03-24 19:57:30,160 p=81011 u=osboxes n=ansible | Using /home/osboxes/ansible/ansible.cfg as config file
2023-03-24 19:57:30,254 p=81011 u=osboxes n=ansible | PLAY [vpn] ******************************************************************************************************
2023-03-24 19:57:30,276 p=81011 u=osboxes n=ansible | TASK [Gathering Facts] ******************************************************************************************
2023-03-24 19:57:31,557 p=81011 u=osboxes n=ansible | ok: [192.168.1.10]
2023-03-24 19:57:31,567 p=81011 u=osboxes n=ansible | TASK [ansible-role-openvpn : include_tasks] *********************************************************************
2023-03-24 19:57:31,598 p=81011 u=osboxes n=ansible | included: /home/osboxes/ansible/roles/ansible-role-openvpn/tasks/server.yml for 192.168.1.10
2023-03-24 19:57:31,604 p=81011 u=osboxes n=ansible | TASK [ansible-role-openvpn : Install packages OpenVPN] **********************************************************
2023-03-24 19:57:37,397 p=81011 u=osboxes n=ansible | ok: [192.168.1.10] => changed=false 
  cache_update_time: 1679702253
  cache_updated: true
2023-03-24 19:57:37,402 p=81011 u=osboxes n=ansible | TASK [ansible-role-openvpn : Enable IPv4 forwarding] ************************************************************
2023-03-24 19:57:37,648 p=81011 u=osboxes n=ansible | changed: [192.168.1.10] => changed=true 
  failed_when_result: false
2023-03-24 19:57:37,654 p=81011 u=osboxes n=ansible | TASK [ansible-role-openvpn : Create IPTables NAT Chain] *********************************************************
2023-03-24 19:57:37,876 p=81011 u=osboxes n=ansible | fatal: [192.168.1.10]: FAILED! => changed=false 
  msg: 'Unsupported parameters for (ansible.builtin.iptables) module: tables. Supported parameters include: match_set_flags, state, in_interface, syn, source_port, src_range, destination, wait, set_dscp_mark, gid_owner, uid_owner, ip_version, dst_range, reject_with, rule_num, set_dscp_mark_class, log_prefix, match_set, fragment, comment, source, to_ports, action, destination_port, table, ctstate, tcp_flags, limit, destination_ports, to_source, protocol, match, out_interface, icmp_type, flush, policy, log_level, chain, gateway, jump, limit_burst, set_counters, to_destination, goto.'
2023-03-24 19:57:37,877 p=81011 u=osboxes n=ansible | PLAY RECAP ******************************************************************************************************
2023-03-24 19:57:37,877 p=81011 u=osboxes n=ansible | 192.168.1.10               : ok=4    changed=1    unreachable=0    failed=1    skipped=0    rescued=0    ignored=0   
2023-03-24 20:05:04,266 p=81039 u=osboxes n=ansible | Using /home/osboxes/ansible/ansible.cfg as config file
2023-03-24 20:05:04,363 p=81039 u=osboxes n=ansible | PLAY [vpn] ******************************************************************************************************
2023-03-24 20:05:04,384 p=81039 u=osboxes n=ansible | TASK [Gathering Facts] ******************************************************************************************
2023-03-24 20:05:05,641 p=81039 u=osboxes n=ansible | ok: [192.168.1.10]
2023-03-24 20:05:05,652 p=81039 u=osboxes n=ansible | TASK [ansible-role-openvpn : include_tasks] *********************************************************************
2023-03-24 20:05:05,671 p=81039 u=osboxes n=ansible | included: /home/osboxes/ansible/roles/ansible-role-openvpn/tasks/server.yml for 192.168.1.10
2023-03-24 20:05:05,677 p=81039 u=osboxes n=ansible | TASK [ansible-role-openvpn : Install packages OpenVPN] **********************************************************
2023-03-24 20:05:07,688 p=81039 u=osboxes n=ansible | ok: [192.168.1.10] => changed=false 
  cache_update_time: 1679702707
  cache_updated: true
2023-03-24 20:05:07,693 p=81039 u=osboxes n=ansible | TASK [ansible-role-openvpn : Enable IPv4 forwarding] ************************************************************
2023-03-24 20:05:07,899 p=81039 u=osboxes n=ansible | ok: [192.168.1.10] => changed=false 
  failed_when_result: false
2023-03-24 20:05:07,905 p=81039 u=osboxes n=ansible | TASK [ansible-role-openvpn : Create IPTables NAT Chain] *********************************************************
2023-03-24 20:05:08,200 p=81039 u=osboxes n=ansible | changed: [192.168.1.10] => changed=true 
  chain: POSTROUTING
  flush: false
  ip_version: ipv4
  rule: -p all -s 0.0.0.0/0 -d 0.0.0.0/0 -j MASQUERADE -m comment --comment Ans NAT masquerade
  state: present
  table: nat
2023-03-24 20:05:08,207 p=81039 u=osboxes n=ansible | TASK [ansible-role-openvpn : ensure {{ openvpn_dir }}/easy-rsa exists] ******************************************
2023-03-24 20:05:08,218 p=81039 u=osboxes n=ansible | fatal: [192.168.1.10]: FAILED! => 
  msg: |-
    The task includes an option with an undefined variable. The error was: 'openvpn_dir' is undefined
  
    The error appears to be in '/home/osboxes/ansible/roles/ansible-role-openvpn/tasks/server.yml': line 32, column 3, but may
    be elsewhere in the file depending on the exact syntax problem.
  
    The offending line appears to be:
  
  
    - name: "ensure {{ openvpn_dir }}/easy-rsa exists"
      ^ here
    We could be wrong, but this one looks like it might be an issue with
    missing quotes. Always quote template expression brackets when they
    start a value. For instance:
  
        with_items:
          - {{ foo }}
  
    Should be written as:
  
        with_items:
          - "{{ foo }}"
2023-03-24 20:05:08,219 p=81039 u=osboxes n=ansible | PLAY RECAP ******************************************************************************************************
2023-03-24 20:05:08,220 p=81039 u=osboxes n=ansible | 192.168.1.10               : ok=5    changed=1    unreachable=0    failed=1    skipped=0    rescued=0    ignored=0   
2023-03-24 20:10:41,759 p=81075 u=osboxes n=ansible | Using /home/osboxes/ansible/ansible.cfg as config file
2023-03-24 20:10:41,857 p=81075 u=osboxes n=ansible | PLAY [vpn] ******************************************************************************************************
2023-03-24 20:10:41,878 p=81075 u=osboxes n=ansible | TASK [Gathering Facts] ******************************************************************************************
2023-03-24 20:10:54,099 p=81075 u=osboxes n=ansible | fatal: [192.168.1.10]: FAILED! => 
  msg: 'Timeout (12s) waiting for privilege escalation prompt: '
2023-03-24 20:10:54,101 p=81075 u=osboxes n=ansible | PLAY RECAP ******************************************************************************************************
2023-03-24 20:10:54,102 p=81075 u=osboxes n=ansible | 192.168.1.10               : ok=0    changed=0    unreachable=0    failed=1    skipped=0    rescued=0    ignored=0   
2023-03-24 20:11:05,273 p=81086 u=osboxes n=ansible | Using /home/osboxes/ansible/ansible.cfg as config file
2023-03-24 20:11:05,368 p=81086 u=osboxes n=ansible | PLAY [vpn] ******************************************************************************************************
2023-03-24 20:11:05,390 p=81086 u=osboxes n=ansible | TASK [Gathering Facts] ******************************************************************************************
2023-03-24 20:11:17,657 p=81086 u=osboxes n=ansible | fatal: [192.168.1.10]: FAILED! => 
  msg: 'Timeout (12s) waiting for privilege escalation prompt: '
2023-03-24 20:11:17,659 p=81086 u=osboxes n=ansible | PLAY RECAP ******************************************************************************************************
2023-03-24 20:11:17,659 p=81086 u=osboxes n=ansible | 192.168.1.10               : ok=0    changed=0    unreachable=0    failed=1    skipped=0    rescued=0    ignored=0   
2023-03-24 20:12:19,036 p=81094 u=osboxes n=ansible | Using /home/osboxes/ansible/ansible.cfg as config file
2023-03-24 20:12:19,130 p=81094 u=osboxes n=ansible | PLAY [vpn] ******************************************************************************************************
2023-03-24 20:12:19,151 p=81094 u=osboxes n=ansible | TASK [Gathering Facts] ******************************************************************************************
2023-03-24 20:12:20,846 p=81094 u=osboxes n=ansible | ok: [192.168.1.10]
2023-03-24 20:12:20,858 p=81094 u=osboxes n=ansible | TASK [ansible-role-openvpn : include_tasks] *********************************************************************
2023-03-24 20:12:20,877 p=81094 u=osboxes n=ansible | included: /home/osboxes/ansible/roles/ansible-role-openvpn/tasks/server.yml for 192.168.1.10
2023-03-24 20:12:20,883 p=81094 u=osboxes n=ansible | TASK [ansible-role-openvpn : Install packages OpenVPN] **********************************************************
2023-03-24 20:12:23,032 p=81094 u=osboxes n=ansible | ok: [192.168.1.10] => changed=false 
  cache_update_time: 1679703087
  cache_updated: true
2023-03-24 20:12:23,038 p=81094 u=osboxes n=ansible | TASK [ansible-role-openvpn : Enable IPv4 forwarding] ************************************************************
2023-03-24 20:12:23,237 p=81094 u=osboxes n=ansible | ok: [192.168.1.10] => changed=false 
  failed_when_result: false
2023-03-24 20:12:23,242 p=81094 u=osboxes n=ansible | TASK [ansible-role-openvpn : Create IPTables NAT Chain] *********************************************************
2023-03-24 20:12:23,553 p=81094 u=osboxes n=ansible | changed: [192.168.1.10] => changed=true 
  chain: POSTROUTING
  flush: false
  ip_version: ipv4
  rule: -p all -s 0.0.0.0/0 -d 0.0.0.0/0 -j MASQUERADE -m comment --comment Ans NAT masquerade
  state: present
  table: nat
2023-03-24 20:12:23,560 p=81094 u=osboxes n=ansible | TASK [ansible-role-openvpn : ensure {{ openvpn_dir }}/easy-rsa exists] ******************************************
2023-03-24 20:12:23,570 p=81094 u=osboxes n=ansible | fatal: [192.168.1.10]: FAILED! => 
  msg: |-
    The task includes an option with an undefined variable. The error was: 'openvpn_dir' is undefined
  
    The error appears to be in '/home/osboxes/ansible/roles/ansible-role-openvpn/tasks/server.yml': line 32, column 3, but may
    be elsewhere in the file depending on the exact syntax problem.
  
    The offending line appears to be:
  
  
    - name: "ensure {{ openvpn_dir }}/easy-rsa exists"
      ^ here
    We could be wrong, but this one looks like it might be an issue with
    missing quotes. Always quote template expression brackets when they
    start a value. For instance:
  
        with_items:
          - {{ foo }}
  
    Should be written as:
  
        with_items:
          - "{{ foo }}"
2023-03-24 20:12:23,572 p=81094 u=osboxes n=ansible | PLAY RECAP ******************************************************************************************************
2023-03-24 20:12:23,572 p=81094 u=osboxes n=ansible | 192.168.1.10               : ok=5    changed=1    unreachable=0    failed=1    skipped=0    rescued=0    ignored=0   
2023-03-24 20:13:57,919 p=81125 u=osboxes n=ansible | Using /home/osboxes/ansible/ansible.cfg as config file
2023-03-24 20:13:58,011 p=81125 u=osboxes n=ansible | PLAY [vpn] ******************************************************************************************************
2023-03-24 20:13:58,032 p=81125 u=osboxes n=ansible | TASK [Gathering Facts] ******************************************************************************************
2023-03-24 20:14:10,245 p=81125 u=osboxes n=ansible | fatal: [192.168.1.10]: FAILED! => 
  msg: 'Timeout (12s) waiting for privilege escalation prompt: '
2023-03-24 20:14:10,246 p=81125 u=osboxes n=ansible | PLAY RECAP ******************************************************************************************************
2023-03-24 20:14:10,247 p=81125 u=osboxes n=ansible | 192.168.1.10               : ok=0    changed=0    unreachable=0    failed=1    skipped=0    rescued=0    ignored=0   
2023-03-24 20:14:35,330 p=81137 u=osboxes n=ansible | Using /home/osboxes/ansible/ansible.cfg as config file
2023-03-24 20:14:35,425 p=81137 u=osboxes n=ansible | PLAY [vpn] ******************************************************************************************************
2023-03-24 20:14:35,446 p=81137 u=osboxes n=ansible | TASK [Gathering Facts] ******************************************************************************************
2023-03-24 20:14:36,962 p=81137 u=osboxes n=ansible | ok: [192.168.1.10]
2023-03-24 20:14:36,974 p=81137 u=osboxes n=ansible | TASK [ansible-role-openvpn : include_tasks] *********************************************************************
2023-03-24 20:14:36,993 p=81137 u=osboxes n=ansible | included: /home/osboxes/ansible/roles/ansible-role-openvpn/tasks/server.yml for 192.168.1.10
2023-03-24 20:14:37,000 p=81137 u=osboxes n=ansible | TASK [ansible-role-openvpn : Install packages OpenVPN] **********************************************************
2023-03-24 20:14:39,068 p=81137 u=osboxes n=ansible | ok: [192.168.1.10] => changed=false 
  cache_update_time: 1679703147
  cache_updated: true
2023-03-24 20:14:39,073 p=81137 u=osboxes n=ansible | TASK [ansible-role-openvpn : Enable IPv4 forwarding] ************************************************************
2023-03-24 20:14:39,280 p=81137 u=osboxes n=ansible | ok: [192.168.1.10] => changed=false 
  failed_when_result: false
2023-03-24 20:14:39,285 p=81137 u=osboxes n=ansible | TASK [ansible-role-openvpn : Create IPTables NAT Chain] *********************************************************
2023-03-24 20:14:39,596 p=81137 u=osboxes n=ansible | changed: [192.168.1.10] => changed=true 
  chain: POSTROUTING
  flush: false
  ip_version: ipv4
  rule: -p all -s 0.0.0.0/0 -d 0.0.0.0/0 -j MASQUERADE -m comment --comment Ans NAT masquerade
  state: present
  table: nat
2023-03-24 20:14:39,603 p=81137 u=osboxes n=ansible | TASK [ansible-role-openvpn : ensure /etc/openvpn/easy-rsa exists] ***********************************************
2023-03-24 20:14:51,789 p=81137 u=osboxes n=ansible | fatal: [192.168.1.10]: FAILED! => 
  msg: 'Timeout (12s) waiting for privilege escalation prompt: '
2023-03-24 20:14:51,790 p=81137 u=osboxes n=ansible | PLAY RECAP ******************************************************************************************************
2023-03-24 20:14:51,790 p=81137 u=osboxes n=ansible | 192.168.1.10               : ok=5    changed=1    unreachable=0    failed=1    skipped=0    rescued=0    ignored=0   
2023-03-24 20:31:26,852 p=81543 u=osboxes n=ansible | ERROR! the playbook: playbook.yml could not be found
2023-03-24 20:31:43,634 p=81546 u=osboxes n=ansible | PLAY [vpn] *********************************************************************
2023-03-24 20:31:43,658 p=81546 u=osboxes n=ansible | TASK [Gathering Facts] *********************************************************
2023-03-24 20:31:56,736 p=81546 u=osboxes n=ansible | fatal: [192.168.1.10]: FAILED! => 
  msg: 'Timeout (12s) waiting for privilege escalation prompt: '
2023-03-24 20:31:56,737 p=81546 u=osboxes n=ansible | PLAY RECAP *********************************************************************
2023-03-24 20:31:56,737 p=81546 u=osboxes n=ansible | 192.168.1.10               : ok=0    changed=0    unreachable=0    failed=1    skipped=0    rescued=0    ignored=0   
2023-03-24 20:32:37,955 p=81559 u=osboxes n=ansible | PLAY [vpn] *********************************************************************
2023-03-24 20:32:37,977 p=81559 u=osboxes n=ansible | TASK [Gathering Facts] *********************************************************
2023-03-24 20:32:50,277 p=81559 u=osboxes n=ansible | fatal: [192.168.1.10]: FAILED! => 
  msg: 'Timeout (12s) waiting for privilege escalation prompt: '
2023-03-24 20:32:50,279 p=81559 u=osboxes n=ansible | PLAY RECAP *********************************************************************
2023-03-24 20:32:50,279 p=81559 u=osboxes n=ansible | 192.168.1.10               : ok=0    changed=0    unreachable=0    failed=1    skipped=0    rescued=0    ignored=0   
2023-03-24 20:33:11,549 p=81568 u=osboxes n=ansible | PLAY [vpn] *********************************************************************
2023-03-24 20:33:11,576 p=81568 u=osboxes n=ansible | TASK [Gathering Facts] *********************************************************
2023-03-24 20:33:13,169 p=81568 u=osboxes n=ansible | ok: [192.168.1.10]
2023-03-24 20:33:13,180 p=81568 u=osboxes n=ansible | TASK [ansible-role-openvpn : include_tasks] ************************************
2023-03-24 20:33:13,427 p=81568 u=osboxes n=ansible | included: /home/osboxes/ansible/roles/ansible-role-openvpn/tasks/server.yml for 192.168.1.10
2023-03-24 20:33:13,433 p=81568 u=osboxes n=ansible | TASK [ansible-role-openvpn : Install packages OpenVPN] *************************
2023-03-24 20:33:15,463 p=81568 u=osboxes n=ansible | ok: [192.168.1.10]
2023-03-24 20:33:15,468 p=81568 u=osboxes n=ansible | TASK [ansible-role-openvpn : Enable IPv4 forwarding] ***************************
2023-03-24 20:33:15,676 p=81568 u=osboxes n=ansible | ok: [192.168.1.10]
2023-03-24 20:33:15,682 p=81568 u=osboxes n=ansible | TASK [ansible-role-openvpn : Create IPTables NAT Chain] ************************
2023-03-24 20:33:15,998 p=81568 u=osboxes n=ansible | changed: [192.168.1.10]
2023-03-24 20:33:16,005 p=81568 u=osboxes n=ansible | TASK [ansible-role-openvpn : ensure /etc/openvpn/easy-rsa exists] **************
2023-03-24 20:33:28,136 p=81568 u=osboxes n=ansible | fatal: [192.168.1.10]: FAILED! => 
  msg: 'Timeout (12s) waiting for privilege escalation prompt: '
2023-03-24 20:33:28,138 p=81568 u=osboxes n=ansible | PLAY RECAP *********************************************************************
2023-03-24 20:33:28,138 p=81568 u=osboxes n=ansible | 192.168.1.10               : ok=5    changed=1    unreachable=0    failed=1    skipped=0    rescued=0    ignored=0   
2023-03-24 20:36:19,489 p=81618 u=osboxes n=ansible | PLAY [vpn] *********************************************************************
2023-03-24 20:36:19,510 p=81618 u=osboxes n=ansible | TASK [Gathering Facts] *********************************************************
2023-03-24 20:36:31,723 p=81618 u=osboxes n=ansible | fatal: [192.168.1.10]: FAILED! => 
  msg: 'Timeout (12s) waiting for privilege escalation prompt: '
2023-03-24 20:36:31,725 p=81618 u=osboxes n=ansible | PLAY RECAP *********************************************************************
2023-03-24 20:36:31,725 p=81618 u=osboxes n=ansible | 192.168.1.10               : ok=0    changed=0    unreachable=0    failed=1    skipped=0    rescued=0    ignored=0   
2023-03-24 20:36:55,330 p=81630 u=osboxes n=ansible | PLAY [vpn] *********************************************************************
2023-03-24 20:36:55,352 p=81630 u=osboxes n=ansible | TASK [Gathering Facts] *********************************************************
2023-03-24 20:36:56,906 p=81630 u=osboxes n=ansible | ok: [192.168.1.10]
2023-03-24 20:36:56,918 p=81630 u=osboxes n=ansible | TASK [ansible-role-openvpn : include_tasks] ************************************
2023-03-24 20:36:56,939 p=81630 u=osboxes n=ansible | included: /home/osboxes/ansible/roles/ansible-role-openvpn/tasks/server.yml for 192.168.1.10
2023-03-24 20:36:56,965 p=81630 u=osboxes n=ansible | TASK [ansible-role-openvpn : Install packages OpenVPN] *************************
2023-03-24 20:36:58,952 p=81630 u=osboxes n=ansible | ok: [192.168.1.10]
2023-03-24 20:36:58,958 p=81630 u=osboxes n=ansible | TASK [ansible-role-openvpn : Enable IPv4 forwarding] ***************************
2023-03-24 20:36:59,166 p=81630 u=osboxes n=ansible | ok: [192.168.1.10]
2023-03-24 20:36:59,172 p=81630 u=osboxes n=ansible | TASK [ansible-role-openvpn : Create IPTables NAT Chain] ************************
2023-03-24 20:36:59,500 p=81630 u=osboxes n=ansible | changed: [192.168.1.10]
2023-03-24 20:36:59,508 p=81630 u=osboxes n=ansible | TASK [ansible-role-openvpn : ensure /etc/openvpn/easy-rsa exists] **************
2023-03-24 20:37:11,613 p=81630 u=osboxes n=ansible | fatal: [192.168.1.10]: FAILED! => 
  msg: 'Timeout (12s) waiting for privilege escalation prompt: '
2023-03-24 20:37:11,614 p=81630 u=osboxes n=ansible | PLAY RECAP *********************************************************************
2023-03-24 20:37:11,615 p=81630 u=osboxes n=ansible | 192.168.1.10               : ok=5    changed=1    unreachable=0    failed=1    skipped=0    rescued=0    ignored=0   
2023-03-25 04:07:03,268 p=4616 u=osboxes n=ansible | [WARNING]: Unable to parse /inventories/prod/hosts as an inventory source

2023-03-25 04:07:03,268 p=4616 u=osboxes n=ansible | [WARNING]: No inventory was parsed, only implicit localhost is available

2023-03-25 04:07:03,272 p=4616 u=osboxes n=ansible | [WARNING]: provided hosts list is empty, only localhost is available. Note that
the implicit localhost does not match 'all'

2023-03-25 04:07:03,470 p=4616 u=osboxes n=ansible | [WARNING]: Could not match supplied host pattern, ignoring: vpn

2023-03-25 04:07:03,470 p=4616 u=osboxes n=ansible | PLAY [vpn] *********************************************************************
2023-03-25 04:07:03,471 p=4616 u=osboxes n=ansible | skipping: no hosts matched
2023-03-25 04:07:03,471 p=4616 u=osboxes n=ansible | PLAY RECAP *********************************************************************
2023-03-25 04:08:26,270 p=4687 u=osboxes n=ansible | [WARNING]: Unable to parse /inventories/prod/hosts as an inventory source

2023-03-25 04:08:26,270 p=4687 u=osboxes n=ansible | [WARNING]: No inventory was parsed, only implicit localhost is available

2023-03-25 04:08:26,274 p=4687 u=osboxes n=ansible | [WARNING]: provided hosts list is empty, only localhost is available. Note that
the implicit localhost does not match 'all'

2023-03-25 04:08:26,421 p=4687 u=osboxes n=ansible | [WARNING]: Could not match supplied host pattern, ignoring: vpn

2023-03-25 04:08:26,421 p=4687 u=osboxes n=ansible | PLAY [vpn] *********************************************************************
2023-03-25 04:08:26,422 p=4687 u=osboxes n=ansible | skipping: no hosts matched
2023-03-25 04:08:26,422 p=4687 u=osboxes n=ansible | PLAY RECAP *********************************************************************
2023-03-25 04:10:33,089 p=4757 u=osboxes n=ansible | [WARNING]: Unable to parse /inventories/prod/hosts as an inventory source

2023-03-25 04:10:33,090 p=4757 u=osboxes n=ansible | [WARNING]: No inventory was parsed, only implicit localhost is available

2023-03-25 04:10:33,093 p=4757 u=osboxes n=ansible | [WARNING]: provided hosts list is empty, only localhost is available. Note that
the implicit localhost does not match 'all'

2023-03-25 04:10:33,239 p=4757 u=osboxes n=ansible | [WARNING]: Could not match supplied host pattern, ignoring: vpn

2023-03-25 04:10:33,240 p=4757 u=osboxes n=ansible | PLAY [vpn] *********************************************************************
2023-03-25 04:10:33,240 p=4757 u=osboxes n=ansible | skipping: no hosts matched
2023-03-25 04:10:33,241 p=4757 u=osboxes n=ansible | PLAY RECAP *********************************************************************
2023-03-25 04:12:21,704 p=4807 u=osboxes n=ansible | [WARNING]: Unable to parse /inventories/prod/hosts as an inventory source

2023-03-25 04:12:21,704 p=4807 u=osboxes n=ansible | [WARNING]: No inventory was parsed, only implicit localhost is available

2023-03-25 04:12:21,708 p=4807 u=osboxes n=ansible | [WARNING]: provided hosts list is empty, only localhost is available. Note that
the implicit localhost does not match 'all'

2023-03-25 04:12:21,859 p=4807 u=osboxes n=ansible | [WARNING]: Could not match supplied host pattern, ignoring: vpn

2023-03-25 04:12:21,860 p=4807 u=osboxes n=ansible | PLAY [vpn] *********************************************************************
2023-03-25 04:12:21,860 p=4807 u=osboxes n=ansible | skipping: no hosts matched
2023-03-25 04:12:21,860 p=4807 u=osboxes n=ansible | PLAY RECAP *********************************************************************
2023-03-25 04:13:09,156 p=4810 u=osboxes n=ansible | [WARNING]: Unable to parse /home/osboxes/ansible/ansible/inventories/prod/hosts
as an inventory source

2023-03-25 04:13:09,156 p=4810 u=osboxes n=ansible | [WARNING]: No inventory was parsed, only implicit localhost is available

2023-03-25 04:13:09,160 p=4810 u=osboxes n=ansible | [WARNING]: provided hosts list is empty, only localhost is available. Note that
the implicit localhost does not match 'all'

2023-03-25 04:13:09,305 p=4810 u=osboxes n=ansible | [WARNING]: Could not match supplied host pattern, ignoring: vpn

2023-03-25 04:13:09,306 p=4810 u=osboxes n=ansible | PLAY [vpn] *********************************************************************
2023-03-25 04:13:09,306 p=4810 u=osboxes n=ansible | skipping: no hosts matched
2023-03-25 04:13:09,307 p=4810 u=osboxes n=ansible | PLAY RECAP *********************************************************************
2023-03-25 04:13:15,614 p=4813 u=osboxes n=ansible | [WARNING]: Unable to parse /ansible/inventories/prod/hosts as an inventory
source

2023-03-25 04:13:15,615 p=4813 u=osboxes n=ansible | [WARNING]: No inventory was parsed, only implicit localhost is available

2023-03-25 04:13:15,618 p=4813 u=osboxes n=ansible | [WARNING]: provided hosts list is empty, only localhost is available. Note that
the implicit localhost does not match 'all'

2023-03-25 04:13:15,766 p=4813 u=osboxes n=ansible | [WARNING]: Could not match supplied host pattern, ignoring: vpn

2023-03-25 04:13:15,766 p=4813 u=osboxes n=ansible | PLAY [vpn] *********************************************************************
2023-03-25 04:13:15,766 p=4813 u=osboxes n=ansible | skipping: no hosts matched
2023-03-25 04:13:15,767 p=4813 u=osboxes n=ansible | PLAY RECAP *********************************************************************
2023-03-25 04:14:18,576 p=4818 u=osboxes n=ansible | PLAY [vpn] *********************************************************************
2023-03-25 04:14:18,612 p=4818 u=osboxes n=ansible | TASK [Gathering Facts] *********************************************************
2023-03-25 04:14:19,210 p=4818 u=osboxes n=ansible | fatal: [192.168.243.157]: FAILED! => 
  msg: Missing sudo password
2023-03-25 04:14:19,211 p=4818 u=osboxes n=ansible | PLAY RECAP *********************************************************************
2023-03-25 04:14:19,212 p=4818 u=osboxes n=ansible | 192.168.243.157            : ok=0    changed=0    unreachable=0    failed=1    skipped=0    rescued=0    ignored=0   
2023-03-25 04:49:23,964 p=4955 u=osboxes n=ansible | PLAY [vpn] *********************************************************************
2023-03-25 04:49:23,995 p=4955 u=osboxes n=ansible | TASK [Gathering Facts] *********************************************************
2023-03-25 04:49:24,570 p=4955 u=osboxes n=ansible | fatal: [192.168.243.157]: FAILED! => 
  msg: Missing sudo password
2023-03-25 04:49:24,572 p=4955 u=osboxes n=ansible | PLAY RECAP *********************************************************************
2023-03-25 04:49:24,572 p=4955 u=osboxes n=ansible | 192.168.243.157            : ok=0    changed=0    unreachable=0    failed=1    skipped=0    rescued=0    ignored=0   
2023-03-25 04:51:25,242 p=4966 u=osboxes n=ansible | PLAY [vpn] *********************************************************************
2023-03-25 04:51:25,272 p=4966 u=osboxes n=ansible | TASK [Gathering Facts] *********************************************************
2023-03-25 04:51:26,734 p=4966 u=osboxes n=ansible | ok: [192.168.243.157]
2023-03-25 04:51:26,756 p=4966 u=osboxes n=ansible | TASK [ansible-role-openvpn : include_tasks] ************************************
2023-03-25 04:51:26,788 p=4966 u=osboxes n=ansible | included: /home/osboxes/ansible/roles/ansible-role-openvpn/tasks/server.yml for 192.168.243.157
2023-03-25 04:51:26,799 p=4966 u=osboxes n=ansible | TASK [ansible-role-openvpn : Install packages OpenVPN] *************************
2023-03-25 04:51:39,373 p=4966 u=osboxes n=ansible | changed: [192.168.243.157]
2023-03-25 04:51:39,385 p=4966 u=osboxes n=ansible | TASK [ansible-role-openvpn : Enable IPv4 forwarding] ***************************
2023-03-25 04:51:39,735 p=4966 u=osboxes n=ansible | changed: [192.168.243.157]
2023-03-25 04:51:39,746 p=4966 u=osboxes n=ansible | TASK [ansible-role-openvpn : Create IPTables NAT Chain] ************************
2023-03-25 04:51:40,141 p=4966 u=osboxes n=ansible | changed: [192.168.243.157]
2023-03-25 04:51:40,154 p=4966 u=osboxes n=ansible | TASK [ansible-role-openvpn : ensure /etc/openvpn/easy-rsa exists] **************
2023-03-25 04:51:40,483 p=4966 u=osboxes n=ansible | changed: [192.168.243.157]
2023-03-25 04:51:40,494 p=4966 u=osboxes n=ansible | TASK [ansible-role-openvpn : Create vars file] *********************************
2023-03-25 04:51:40,505 p=4966 u=osboxes n=ansible | fatal: [192.168.243.157]: FAILED! => 
  msg: |-
    The task includes an option with an undefined variable. The error was: 'openvpn_easyrsa_dir' is undefined
  
    The error appears to be in '/home/osboxes/ansible/roles/ansible-role-openvpn/tasks/server.yml': line 38, column 3, but may
    be elsewhere in the file depending on the exact syntax problem.
  
    The offending line appears to be:
  
  
    - name: Create vars file
      ^ here
2023-03-25 04:51:40,507 p=4966 u=osboxes n=ansible | PLAY RECAP *********************************************************************
2023-03-25 04:51:40,507 p=4966 u=osboxes n=ansible | 192.168.243.157            : ok=6    changed=4    unreachable=0    failed=1    skipped=0    rescued=0    ignored=0   
2023-03-25 04:57:19,653 p=5141 u=osboxes n=ansible | PLAY [vpn] *********************************************************************
2023-03-25 04:57:19,682 p=5141 u=osboxes n=ansible | TASK [Gathering Facts] *********************************************************
2023-03-25 04:57:20,987 p=5141 u=osboxes n=ansible | ok: [192.168.243.157]
2023-03-25 04:57:21,008 p=5141 u=osboxes n=ansible | TASK [ansible-role-openvpn : include_tasks] ************************************
2023-03-25 04:57:21,038 p=5141 u=osboxes n=ansible | included: /home/osboxes/ansible/roles/ansible-role-openvpn/tasks/server.yml for 192.168.243.157
2023-03-25 04:57:21,049 p=5141 u=osboxes n=ansible | TASK [ansible-role-openvpn : Install packages OpenVPN] *************************
2023-03-25 04:58:14,556 p=5141 u=osboxes n=ansible |  [ERROR]: User interrupted execution

2023-03-25 04:58:17,328 p=5157 u=osboxes n=ansible | PLAY [vpn] *********************************************************************
2023-03-25 04:58:17,358 p=5157 u=osboxes n=ansible | TASK [Gathering Facts] *********************************************************
2023-03-25 04:58:18,378 p=5157 u=osboxes n=ansible | ok: [192.168.243.157]
2023-03-25 04:58:18,400 p=5157 u=osboxes n=ansible | TASK [ansible-role-openvpn : include_tasks] ************************************
2023-03-25 04:58:18,431 p=5157 u=osboxes n=ansible | included: /home/osboxes/ansible/roles/ansible-role-openvpn/tasks/server.yml for 192.168.243.157
2023-03-25 04:58:18,442 p=5157 u=osboxes n=ansible | TASK [ansible-role-openvpn : Install packages OpenVPN] *************************
2023-03-25 04:59:19,018 p=5157 u=osboxes n=ansible | fatal: [192.168.243.157]: FAILED! => changed=false 
  msg: 'Failed to lock apt for exclusive operation: Failed to lock directory /var/lib/apt/lists/: E:Could not get lock /var/lib/apt/lists/lock. It is held by process 3224 (python3)'
2023-03-25 04:59:19,020 p=5157 u=osboxes n=ansible | PLAY RECAP *********************************************************************
2023-03-25 04:59:19,020 p=5157 u=osboxes n=ansible | 192.168.243.157            : ok=2    changed=0    unreachable=0    failed=1    skipped=0    rescued=0    ignored=0   
2023-03-25 05:38:50,673 p=5355 u=osboxes n=ansible | PLAY [vpn] *********************************************************************
2023-03-25 05:38:50,703 p=5355 u=osboxes n=ansible | TASK [Gathering Facts] *********************************************************
2023-03-25 05:38:52,036 p=5355 u=osboxes n=ansible | ok: [192.168.243.157]
2023-03-25 05:38:52,057 p=5355 u=osboxes n=ansible | TASK [ansible-role-openvpn : include_tasks] ************************************
2023-03-25 05:38:52,079 p=5355 u=osboxes n=ansible | fatal: [192.168.243.157]: FAILED! => 
  reason: |-
    We were unable to read either as JSON nor YAML, these are the errors we got from each:
    JSON: Expecting value: line 1 column 1 (char 0)
  
    Syntax Error while loading YAML.
      could not find expected ':'
  
    The error appears to be in '/home/osboxes/ansible/roles/ansible-role-openvpn/tasks/server.yml': line 91, column 8, but may
    be elsewhere in the file depending on the exact syntax problem.
  
    The offending line appears to be:
  
      ansible.builtin.copy
        src: "{{ openvpn_dir }}/easy-rsa/pki/{{ item }}"
           ^ here
    We could be wrong, but this one looks like it might be an issue with
    missing quotes. Always quote template expression brackets when they
    start a value. For instance:
  
        with_items:
          - {{ foo }}
  
    Should be written as:
  
        with_items:
          - "{{ foo }}"
2023-03-25 05:38:52,080 p=5355 u=osboxes n=ansible | PLAY RECAP *********************************************************************
2023-03-25 05:38:52,080 p=5355 u=osboxes n=ansible | 192.168.243.157            : ok=1    changed=0    unreachable=0    failed=1    skipped=0    rescued=0    ignored=0   
2023-03-25 05:41:59,101 p=5577 u=osboxes n=ansible | [DEPRECATION WARNING]: "include" is deprecated, use include_tasks/import_tasks 
instead. This feature will be removed in version 2.16. Deprecation warnings can
 be disabled by setting deprecation_warnings=False in ansible.cfg.
2023-03-25 05:41:59,103 p=5577 u=osboxes n=ansible | ERROR! We were unable to read either as JSON nor YAML, these are the errors we got from each:
JSON: Expecting value: line 1 column 1 (char 0)

Syntax Error while loading YAML.
  could not find expected ':'

The error appears to be in '/home/osboxes/ansible/roles/ansible-role-openvpn/tasks/server.yml': line 91, column 8, but may
be elsewhere in the file depending on the exact syntax problem.

The offending line appears to be:

  ansible.builtin.copy
    src: "{{ openvpn_dir }}/easy-rsa/pki/{{ item }}"
       ^ here
We could be wrong, but this one looks like it might be an issue with
missing quotes. Always quote template expression brackets when they
start a value. For instance:

    with_items:
      - {{ foo }}

Should be written as:

    with_items:
      - "{{ foo }}"

2023-03-25 11:31:56,372 p=68508 u=osboxes n=ansible | 192.168.243.157 | SUCCESS => {
    "ansible_facts": {
        "ansible_all_ipv4_addresses": [
            "192.168.243.157"
        ],
        "ansible_all_ipv6_addresses": [
            "fe80::be92:35b3:64fb:151e"
        ],
        "ansible_apparmor": {
            "status": "enabled"
        },
        "ansible_architecture": "x86_64",
        "ansible_bios_date": "12/01/2006",
        "ansible_bios_vendor": "innotek GmbH",
        "ansible_bios_version": "VirtualBox",
        "ansible_board_asset_tag": "NA",
        "ansible_board_name": "VirtualBox",
        "ansible_board_serial": "NA",
        "ansible_board_vendor": "Oracle Corporation",
        "ansible_board_version": "1.2",
        "ansible_chassis_asset_tag": "NA",
        "ansible_chassis_serial": "NA",
        "ansible_chassis_vendor": "Oracle Corporation",
        "ansible_chassis_version": "NA",
        "ansible_cmdline": {
            "BOOT_IMAGE": "/boot/vmlinuz-5.19.0-31-generic",
            "quiet": true,
            "ro": true,
            "root": "UUID=5e0ba90a-8636-4357-977f-8a2ad2aa281d",
            "splash": true
        },
        "ansible_date_time": {
            "date": "2023-03-25",
            "day": "25",
            "epoch": "1679756168",
            "epoch_int": "1679756168",
            "hour": "10",
            "iso8601": "2023-03-25T14:56:08Z",
            "iso8601_basic": "20230325T105608550898",
            "iso8601_basic_short": "20230325T105608",
            "iso8601_micro": "2023-03-25T14:56:08.550898Z",
            "minute": "56",
            "month": "03",
            "second": "08",
            "time": "10:56:08",
            "tz": "EDT",
            "tz_dst": "EDT",
            "tz_offset": "-0400",
            "weekday": "Saturday",
            "weekday_number": "6",
            "weeknumber": "12",
            "year": "2023"
        },
        "ansible_default_ipv4": {
            "address": "192.168.243.157",
            "alias": "enp0s3",
            "broadcast": "192.168.243.255",
            "gateway": "192.168.240.1",
            "interface": "enp0s3",
            "macaddress": "08:00:27:c5:93:5e",
            "mtu": 1500,
            "netmask": "255.255.252.0",
            "network": "192.168.240.0",
            "type": "ether"
        },
        "ansible_default_ipv6": {},
        "ansible_device_links": {
            "ids": {
                "sda": [
                    "ata-VBOX_HARDDISK_VB73c3b014-7e91c678"
                ],
                "sda1": [
                    "ata-VBOX_HARDDISK_VB73c3b014-7e91c678-part1"
                ],
                "sda2": [
                    "ata-VBOX_HARDDISK_VB73c3b014-7e91c678-part2"
                ],
                "sda3": [
                    "ata-VBOX_HARDDISK_VB73c3b014-7e91c678-part3"
                ],
                "sda4": [
                    "ata-VBOX_HARDDISK_VB73c3b014-7e91c678-part4"
                ],
                "sda5": [
                    "ata-VBOX_HARDDISK_VB73c3b014-7e91c678-part5"
                ],
                "sr0": [
                    "ata-VBOX_CD-ROM_VB2-01700376"
                ]
            },
            "labels": {},
            "masters": {},
            "uuids": {
                "sda1": [
                    "5e0ba90a-8636-4357-977f-8a2ad2aa281d"
                ],
                "sda3": [
                    "74BD-42DD"
                ],
                "sda4": [
                    "539206a5-425d-4bce-b660-040bf295dbbc"
                ],
                "sda5": [
                    "3f8fe54a-611a-4073-87de-f8c53dc57563"
                ]
            }
        },
        "ansible_devices": {
            "loop0": {
                "holders": [],
                "host": "",
                "links": {
                    "ids": [],
                    "labels": [],
                    "masters": [],
                    "uuids": []
                },
                "model": null,
                "partitions": {},
                "removable": "0",
                "rotational": "1",
                "sas_address": null,
                "sas_device_handle": null,
                "scheduler_mode": "none",
                "sectors": "129480",
                "sectorsize": "512",
                "size": "63.22 MB",
                "support_discard": "4096",
                "vendor": null,
                "virtual": 1
            },
            "loop1": {
                "holders": [],
                "host": "",
                "links": {
                    "ids": [],
                    "labels": [],
                    "masters": [],
                    "uuids": []
                },
                "model": null,
                "partitions": {},
                "removable": "0",
                "rotational": "1",
                "sas_address": null,
                "sas_device_handle": null,
                "scheduler_mode": "none",
                "sectors": "8",
                "sectorsize": "512",
                "size": "4.00 KB",
                "support_discard": "4096",
                "vendor": null,
                "virtual": 1
            },
            "loop10": {
                "holders": [],
                "host": "",
                "links": {
                    "ids": [],
                    "labels": [],
                    "masters": [],
                    "uuids": []
                },
                "model": null,
                "partitions": {},
                "removable": "0",
                "rotational": "1",
                "sas_address": null,
                "sas_device_handle": null,
                "scheduler_mode": "none",
                "sectors": "94064",
                "sectorsize": "512",
                "size": "45.93 MB",
                "support_discard": "4096",
                "vendor": null,
                "virtual": 1
            },
            "loop11": {
                "holders": [],
                "host": "",
                "links": {
                    "ids": [],
                    "labels": [],
                    "masters": [],
                    "uuids": []
                },
                "model": null,
                "partitions": {},
                "removable": "0",
                "rotational": "1",
                "sas_address": null,
                "sas_device_handle": null,
                "scheduler_mode": "none",
                "sectors": "94056",
                "sectorsize": "512",
                "size": "45.93 MB",
                "support_discard": "4096",
                "vendor": null,
                "virtual": 1
            },
            "loop12": {
                "holders": [],
                "host": "",
                "links": {
                    "ids": [],
                    "labels": [],
                    "masters": [],
                    "uuids": []
                },
                "model": null,
                "partitions": {},
                "removable": "0",
                "rotational": "1",
                "sas_address": null,
                "sas_device_handle": null,
                "scheduler_mode": "none",
                "sectors": "102072",
                "sectorsize": "512",
                "size": "49.84 MB",
                "support_discard": "4096",
                "vendor": null,
                "virtual": 1
            },
            "loop13": {
                "holders": [],
                "host": "",
                "links": {
                    "ids": [],
                    "labels": [],
                    "masters": [],
                    "uuids": []
                },
                "model": null,
                "partitions": {},
                "removable": "0",
                "rotational": "1",
                "sas_address": null,
                "sas_device_handle": null,
                "scheduler_mode": "none",
                "sectors": "102072",
                "sectorsize": "512",
                "size": "49.84 MB",
                "support_discard": "4096",
                "vendor": null,
                "virtual": 1
            },
            "loop14": {
                "holders": [],
                "host": "",
                "links": {
                    "ids": [],
                    "labels": [],
                    "masters": [],
                    "uuids": []
                },
                "model": null,
                "partitions": {},
                "removable": "0",
                "rotational": "1",
                "sas_address": null,
                "sas_device_handle": null,
                "scheduler_mode": "none",
                "sectors": "568",
                "sectorsize": "512",
                "size": "284.00 KB",
                "support_discard": "4096",
                "vendor": null,
                "virtual": 1
            },
            "loop15": {
                "holders": [],
                "host": "",
                "links": {
                    "ids": [],
                    "labels": [],
                    "masters": [],
                    "uuids": []
                },
                "model": null,
                "partitions": {},
                "removable": "0",
                "rotational": "1",
                "sas_address": null,
                "sas_device_handle": null,
                "scheduler_mode": "none",
                "sectors": "856",
                "sectorsize": "512",
                "size": "428.00 KB",
                "support_discard": "4096",
                "vendor": null,
                "virtual": 1
            },
            "loop16": {
                "holders": [],
                "host": "",
                "links": {
                    "ids": [],
                    "labels": [],
                    "masters": [],
                    "uuids": []
                },
                "model": null,
                "partitions": {},
                "removable": "0",
                "rotational": "1",
                "sas_address": null,
                "sas_device_handle": null,
                "scheduler_mode": "none",
                "sectors": "0",
                "sectorsize": "512",
                "size": "0.00 Bytes",
                "support_discard": "4096",
                "vendor": null,
                "virtual": 1
            },
            "loop2": {
                "holders": [],
                "host": "",
                "links": {
                    "ids": [],
                    "labels": [],
                    "masters": [],
                    "uuids": []
                },
                "model": null,
                "partitions": {},
                "removable": "0",
                "rotational": "1",
                "sas_address": null,
                "sas_device_handle": null,
                "scheduler_mode": "none",
                "sectors": "129672",
                "sectorsize": "512",
                "size": "63.32 MB",
                "support_discard": "4096",
                "vendor": null,
                "virtual": 1
            },
            "loop3": {
                "holders": [],
                "host": "",
                "links": {
                    "ids": [],
                    "labels": [],
                    "masters": [],
                    "uuids": []
                },
                "model": null,
                "partitions": {},
                "removable": "0",
                "rotational": "1",
                "sas_address": null,
                "sas_device_handle": null,
                "scheduler_mode": "none",
                "sectors": "149312",
                "sectorsize": "512",
                "size": "72.91 MB",
                "support_discard": "4096",
                "vendor": null,
                "virtual": 1
            },
            "loop4": {
                "holders": [],
                "host": "",
                "links": {
                    "ids": [],
                    "labels": [],
                    "masters": [],
                    "uuids": []
                },
                "model": null,
                "partitions": {},
                "removable": "0",
                "rotational": "1",
                "sas_address": null,
                "sas_device_handle": null,
                "scheduler_mode": "none",
                "sectors": "149456",
                "sectorsize": "512",
                "size": "72.98 MB",
                "support_discard": "4096",
                "vendor": null,
                "virtual": 1
            },
            "loop5": {
                "holders": [],
                "host": "",
                "links": {
                    "ids": [],
                    "labels": [],
                    "masters": [],
                    "uuids": []
                },
                "model": null,
                "partitions": {},
                "removable": "0",
                "rotational": "1",
                "sas_address": null,
                "sas_device_handle": null,
                "scheduler_mode": "none",
                "sectors": "494824",
                "sectorsize": "512",
                "size": "241.61 MB",
                "support_discard": "4096",
                "vendor": null,
                "virtual": 1
            },
            "loop6": {
                "holders": [],
                "host": "",
                "links": {
                    "ids": [],
                    "labels": [],
                    "masters": [],
                    "uuids": []
                },
                "model": null,
                "partitions": {},
                "removable": "0",
                "rotational": "1",
                "sas_address": null,
                "sas_device_handle": null,
                "scheduler_mode": "none",
                "sectors": "491264",
                "sectorsize": "512",
                "size": "239.88 MB",
                "support_discard": "4096",
                "vendor": null,
                "virtual": 1
            },
            "loop7": {
                "holders": [],
                "host": "",
                "links": {
                    "ids": [],
                    "labels": [],
                    "masters": [],
                    "uuids": []
                },
                "model": null,
                "partitions": {},
                "removable": "0",
                "rotational": "1",
                "sas_address": null,
                "sas_device_handle": null,
                "scheduler_mode": "none",
                "sectors": "942640",
                "sectorsize": "512",
                "size": "460.27 MB",
                "support_discard": "4096",
                "vendor": null,
                "virtual": 1
            },
            "loop8": {
                "holders": [],
                "host": "",
                "links": {
                    "ids": [],
                    "labels": [],
                    "masters": [],
                    "uuids": []
                },
                "model": null,
                "partitions": {},
                "removable": "0",
                "rotational": "1",
                "sas_address": null,
                "sas_device_handle": null,
                "scheduler_mode": "none",
                "sectors": "187776",
                "sectorsize": "512",
                "size": "91.69 MB",
                "support_discard": "4096",
                "vendor": null,
                "virtual": 1
            },
            "loop9": {
                "holders": [],
                "host": "",
                "links": {
                    "ids": [],
                    "labels": [],
                    "masters": [],
                    "uuids": []
                },
                "model": null,
                "partitions": {},
                "removable": "0",
                "rotational": "1",
                "sas_address": null,
                "sas_device_handle": null,
                "scheduler_mode": "none",
                "sectors": "709280",
                "sectorsize": "512",
                "size": "346.33 MB",
                "support_discard": "4096",
                "vendor": null,
                "virtual": 1
            },
            "sda": {
                "holders": [],
                "host": "SATA controller: Intel Corporation 82801HM/HEM (ICH8M/ICH8M-E) SATA Controller [AHCI mode] (rev 02)",
                "links": {
                    "ids": [
                        "ata-VBOX_HARDDISK_VB73c3b014-7e91c678"
                    ],
                    "labels": [],
                    "masters": [],
                    "uuids": []
                },
                "model": "VBOX HARDDISK",
                "partitions": {
                    "sda1": {
                        "holders": [],
                        "links": {
                            "ids": [
                                "ata-VBOX_HARDDISK_VB73c3b014-7e91c678-part1"
                            ],
                            "labels": [],
                            "masters": [],
                            "uuids": [
                                "5e0ba90a-8636-4357-977f-8a2ad2aa281d"
                            ]
                        },
                        "sectors": "462637056",
                        "sectorsize": 512,
                        "size": "220.60 GB",
                        "start": "2048",
                        "uuid": "5e0ba90a-8636-4357-977f-8a2ad2aa281d"
                    },
                    "sda2": {
                        "holders": [],
                        "links": {
                            "ids": [
                                "ata-VBOX_HARDDISK_VB73c3b014-7e91c678-part2"
                            ],
                            "labels": [],
                            "masters": [],
                            "uuids": []
                        },
                        "sectors": "98304",
                        "sectorsize": 512,
                        "size": "48.00 MB",
                        "start": "462639104",
                        "uuid": null
                    },
                    "sda3": {
                        "holders": [],
                        "links": {
                            "ids": [
                                "ata-VBOX_HARDDISK_VB73c3b014-7e91c678-part3"
                            ],
                            "labels": [],
                            "masters": [],
                            "uuids": [
                                "74BD-42DD"
                            ]
                        },
                        "sectors": "96256",
                        "sectorsize": 512,
                        "size": "47.00 MB",
                        "start": "462737408",
                        "uuid": "74BD-42DD"
                    },
                    "sda4": {
                        "holders": [],
                        "links": {
                            "ids": [
                                "ata-VBOX_HARDDISK_VB73c3b014-7e91c678-part4"
                            ],
                            "labels": [],
                            "masters": [],
                            "uuids": [
                                "539206a5-425d-4bce-b660-040bf295dbbc"
                            ]
                        },
                        "sectors": "17577984",
                        "sectorsize": 512,
                        "size": "8.38 GB",
                        "start": "462833664",
                        "uuid": "539206a5-425d-4bce-b660-040bf295dbbc"
                    },
                    "sda5": {
                        "holders": [],
                        "links": {
                            "ids": [
                                "ata-VBOX_HARDDISK_VB73c3b014-7e91c678-part5"
                            ],
                            "labels": [],
                            "masters": [],
                            "uuids": [
                                "3f8fe54a-611a-4073-87de-f8c53dc57563"
                            ]
                        },
                        "sectors": "568162304",
                        "sectorsize": 512,
                        "size": "270.92 GB",
                        "start": "480411648",
                        "uuid": "3f8fe54a-611a-4073-87de-f8c53dc57563"
                    }
                },
                "removable": "0",
                "rotational": "1",
                "sas_address": null,
                "sas_device_handle": null,
                "scheduler_mode": "mq-deadline",
                "sectors": "1048576000",
                "sectorsize": "512",
                "size": "500.00 GB",
                "support_discard": "0",
                "vendor": "ATA",
                "virtual": 1
            },
            "sr0": {
                "holders": [],
                "host": "IDE interface: Intel Corporation 82371AB/EB/MB PIIX4 IDE (rev 01)",
                "links": {
                    "ids": [
                        "ata-VBOX_CD-ROM_VB2-01700376"
                    ],
                    "labels": [],
                    "masters": [],
                    "uuids": []
                },
                "model": "CD-ROM",
                "partitions": {},
                "removable": "1",
                "rotational": "1",
                "sas_address": null,
                "sas_device_handle": null,
                "scheduler_mode": "mq-deadline",
                "sectors": "2097151",
                "sectorsize": "512",
                "size": "1024.00 MB",
                "support_discard": "0",
                "vendor": "VBOX",
                "virtual": 1
            }
        },
        "ansible_distribution": "Ubuntu",
        "ansible_distribution_file_parsed": true,
        "ansible_distribution_file_path": "/etc/os-release",
        "ansible_distribution_file_variety": "Debian",
        "ansible_distribution_major_version": "22",
        "ansible_distribution_release": "kinetic",
        "ansible_distribution_version": "22.10",
        "ansible_dns": {
            "nameservers": [
                "127.0.0.53"
            ],
            "options": {
                "edns0": true,
                "trust-ad": true
            },
            "search": [
                "."
            ]
        },
        "ansible_domain": "",
        "ansible_effective_group_id": 1000,
        "ansible_effective_user_id": 1000,
        "ansible_enp0s3": {
            "active": true,
            "device": "enp0s3",
            "features": {
                "esp_hw_offload": "off [fixed]",
                "esp_tx_csum_hw_offload": "off [fixed]",
                "fcoe_mtu": "off [fixed]",
                "generic_receive_offload": "on",
                "generic_segmentation_offload": "on",
                "highdma": "off [fixed]",
                "hsr_dup_offload": "off [fixed]",
                "hsr_fwd_offload": "off [fixed]",
                "hsr_tag_ins_offload": "off [fixed]",
                "hsr_tag_rm_offload": "off [fixed]",
                "hw_tc_offload": "off [fixed]",
                "l2_fwd_offload": "off [fixed]",
                "large_receive_offload": "off [fixed]",
                "loopback": "off [fixed]",
                "macsec_hw_offload": "off [fixed]",
                "netns_local": "off [fixed]",
                "ntuple_filters": "off [fixed]",
                "receive_hashing": "off [fixed]",
                "rx_all": "off",
                "rx_checksumming": "off",
                "rx_fcs": "off",
                "rx_gro_hw": "off [fixed]",
                "rx_gro_list": "off",
                "rx_udp_gro_forwarding": "off",
                "rx_udp_tunnel_port_offload": "off [fixed]",
                "rx_vlan_filter": "on [fixed]",
                "rx_vlan_offload": "on",
                "rx_vlan_stag_filter": "off [fixed]",
                "rx_vlan_stag_hw_parse": "off [fixed]",
                "scatter_gather": "on",
                "tcp_segmentation_offload": "on",
                "tls_hw_record": "off [fixed]",
                "tls_hw_rx_offload": "off [fixed]",
                "tls_hw_tx_offload": "off [fixed]",
                "tx_checksum_fcoe_crc": "off [fixed]",
                "tx_checksum_ip_generic": "on",
                "tx_checksum_ipv4": "off [fixed]",
                "tx_checksum_ipv6": "off [fixed]",
                "tx_checksum_sctp": "off [fixed]",
                "tx_checksumming": "on",
                "tx_esp_segmentation": "off [fixed]",
                "tx_fcoe_segmentation": "off [fixed]",
                "tx_gre_csum_segmentation": "off [fixed]",
                "tx_gre_segmentation": "off [fixed]",
                "tx_gso_list": "off [fixed]",
                "tx_gso_partial": "off [fixed]",
                "tx_gso_robust": "off [fixed]",
                "tx_ipxip4_segmentation": "off [fixed]",
                "tx_ipxip6_segmentation": "off [fixed]",
                "tx_lockless": "off [fixed]",
                "tx_nocache_copy": "off",
                "tx_scatter_gather": "on",
                "tx_scatter_gather_fraglist": "off [fixed]",
                "tx_sctp_segmentation": "off [fixed]",
                "tx_tcp6_segmentation": "off [fixed]",
                "tx_tcp_ecn_segmentation": "off [fixed]",
                "tx_tcp_mangleid_segmentation": "off",
                "tx_tcp_segmentation": "on",
                "tx_tunnel_remcsum_segmentation": "off [fixed]",
                "tx_udp_segmentation": "off [fixed]",
                "tx_udp_tnl_csum_segmentation": "off [fixed]",
                "tx_udp_tnl_segmentation": "off [fixed]",
                "tx_vlan_offload": "on [fixed]",
                "tx_vlan_stag_hw_insert": "off [fixed]",
                "vlan_challenged": "off [fixed]"
            },
            "hw_timestamp_filters": [],
            "ipv4": {
                "address": "192.168.243.157",
                "broadcast": "192.168.243.255",
                "netmask": "255.255.252.0",
                "network": "192.168.240.0"
            },
            "ipv6": [
                {
                    "address": "fe80::be92:35b3:64fb:151e",
                    "prefix": "64",
                    "scope": "link"
                }
            ],
            "macaddress": "08:00:27:c5:93:5e",
            "module": "e1000",
            "mtu": 1500,
            "pciid": "0000:00:03.0",
            "promisc": false,
            "speed": 1000,
            "timestamping": [],
            "type": "ether"
        },
        "ansible_env": {
            "DBUS_SESSION_BUS_ADDRESS": "unix:path=/run/user/1000/bus",
            "HOME": "/home/osboxes",
            "LANG": "en_US.UTF-8",
            "LOGNAME": "osboxes",
            "PATH": "/usr/local/sbin:/usr/local/bin:/usr/sbin:/usr/bin:/sbin:/bin:/usr/games:/usr/local/games:/snap/bin",
            "PWD": "/home/osboxes",
            "SHELL": "/bin/bash",
            "SHLVL": "0",
            "SSH_CLIENT": "192.168.243.110 59184 22",
            "SSH_CONNECTION": "192.168.243.110 59184 192.168.243.157 22",
            "USER": "osboxes",
            "XDG_RUNTIME_DIR": "/run/user/1000",
            "XDG_SESSION_CLASS": "user",
            "XDG_SESSION_ID": "18",
            "XDG_SESSION_TYPE": "tty",
            "_": "/bin/sh"
        },
        "ansible_fibre_channel_wwn": [],
        "ansible_fips": false,
        "ansible_form_factor": "Other",
        "ansible_fqdn": "osboxes",
        "ansible_hostname": "osboxes",
        "ansible_hostnqn": "",
        "ansible_interfaces": [
            "lo",
            "enp0s3"
        ],
        "ansible_is_chroot": false,
        "ansible_iscsi_iqn": "",
        "ansible_kernel": "5.19.0-31-generic",
        "ansible_kernel_version": "#32-Ubuntu SMP PREEMPT_DYNAMIC Fri Jan 20 15:20:08 UTC 2023",
        "ansible_lo": {
            "active": true,
            "device": "lo",
            "features": {
                "esp_hw_offload": "off [fixed]",
                "esp_tx_csum_hw_offload": "off [fixed]",
                "fcoe_mtu": "off [fixed]",
                "generic_receive_offload": "on",
                "generic_segmentation_offload": "on",
                "highdma": "on [fixed]",
                "hsr_dup_offload": "off [fixed]",
                "hsr_fwd_offload": "off [fixed]",
                "hsr_tag_ins_offload": "off [fixed]",
                "hsr_tag_rm_offload": "off [fixed]",
                "hw_tc_offload": "off [fixed]",
                "l2_fwd_offload": "off [fixed]",
                "large_receive_offload": "off [fixed]",
                "loopback": "on [fixed]",
                "macsec_hw_offload": "off [fixed]",
                "netns_local": "on [fixed]",
                "ntuple_filters": "off [fixed]",
                "receive_hashing": "off [fixed]",
                "rx_all": "off [fixed]",
                "rx_checksumming": "on [fixed]",
                "rx_fcs": "off [fixed]",
                "rx_gro_hw": "off [fixed]",
                "rx_gro_list": "off",
                "rx_udp_gro_forwarding": "off",
                "rx_udp_tunnel_port_offload": "off [fixed]",
                "rx_vlan_filter": "off [fixed]",
                "rx_vlan_offload": "off [fixed]",
                "rx_vlan_stag_filter": "off [fixed]",
                "rx_vlan_stag_hw_parse": "off [fixed]",
                "scatter_gather": "on",
                "tcp_segmentation_offload": "on",
                "tls_hw_record": "off [fixed]",
                "tls_hw_rx_offload": "off [fixed]",
                "tls_hw_tx_offload": "off [fixed]",
                "tx_checksum_fcoe_crc": "off [fixed]",
                "tx_checksum_ip_generic": "on [fixed]",
                "tx_checksum_ipv4": "off [fixed]",
                "tx_checksum_ipv6": "off [fixed]",
                "tx_checksum_sctp": "on [fixed]",
                "tx_checksumming": "on",
                "tx_esp_segmentation": "off [fixed]",
                "tx_fcoe_segmentation": "off [fixed]",
                "tx_gre_csum_segmentation": "off [fixed]",
                "tx_gre_segmentation": "off [fixed]",
                "tx_gso_list": "on",
                "tx_gso_partial": "off [fixed]",
                "tx_gso_robust": "off [fixed]",
                "tx_ipxip4_segmentation": "off [fixed]",
                "tx_ipxip6_segmentation": "off [fixed]",
                "tx_lockless": "on [fixed]",
                "tx_nocache_copy": "off [fixed]",
                "tx_scatter_gather": "on [fixed]",
                "tx_scatter_gather_fraglist": "on [fixed]",
                "tx_sctp_segmentation": "on",
                "tx_tcp6_segmentation": "on",
                "tx_tcp_ecn_segmentation": "on",
                "tx_tcp_mangleid_segmentation": "on",
                "tx_tcp_segmentation": "on",
                "tx_tunnel_remcsum_segmentation": "off [fixed]",
                "tx_udp_segmentation": "on",
                "tx_udp_tnl_csum_segmentation": "off [fixed]",
                "tx_udp_tnl_segmentation": "off [fixed]",
                "tx_vlan_offload": "off [fixed]",
                "tx_vlan_stag_hw_insert": "off [fixed]",
                "vlan_challenged": "on [fixed]"
            },
            "hw_timestamp_filters": [],
            "ipv4": {
                "address": "127.0.0.1",
                "broadcast": "",
                "netmask": "255.0.0.0",
                "network": "127.0.0.0"
            },
            "ipv6": [
                {
                    "address": "::1",
                    "prefix": "128",
                    "scope": "host"
                }
            ],
            "mtu": 65536,
            "promisc": false,
            "timestamping": [],
            "type": "loopback"
        },
        "ansible_local": {},
        "ansible_lsb": {
            "codename": "kinetic",
            "description": "Ubuntu 22.10",
            "id": "Ubuntu",
            "major_release": "22",
            "release": "22.10"
        },
        "ansible_machine": "x86_64",
        "ansible_machine_id": "76ad05b3097b45be9cbcd74a9d6c6fe8",
        "ansible_memfree_mb": 857,
        "ansible_memory_mb": {
            "nocache": {
                "free": 2853,
                "used": 1070
            },
            "real": {
                "free": 857,
                "total": 3923,
                "used": 3066
            },
            "swap": {
                "cached": 0,
                "free": 8580,
                "total": 8582,
                "used": 2
            }
        },
        "ansible_memtotal_mb": 3923,
        "ansible_mounts": [
            {
                "block_available": 51211525,
                "block_size": 4096,
                "block_total": 56644483,
                "block_used": 5432958,
                "device": "/dev/sda1",
                "fstype": "ext4",
                "inode_available": 14239436,
                "inode_total": 14458880,
                "inode_used": 219444,
                "mount": "/",
                "options": "rw,relatime,errors=remount-ro",
                "size_available": 209762406400,
                "size_total": 232015802368,
                "uuid": "5e0ba90a-8636-4357-977f-8a2ad2aa281d"
            },
            {
                "block_available": 0,
                "block_size": 131072,
                "block_total": 1,
                "block_used": 1,
                "device": "/dev/loop1",
                "fstype": "squashfs",
                "inode_available": 0,
                "inode_total": 29,
                "inode_used": 29,
                "mount": "/snap/bare/5",
                "options": "ro,nodev,relatime,errors=continue",
                "size_available": 0,
                "size_total": 131072,
                "uuid": "N/A"
            },
            {
                "block_available": 0,
                "block_size": 131072,
                "block_total": 506,
                "block_used": 506,
                "device": "/dev/loop0",
                "fstype": "squashfs",
                "inode_available": 0,
                "inode_total": 11882,
                "inode_used": 11882,
                "mount": "/snap/core20/1623",
                "options": "ro,nodev,relatime,errors=continue",
                "size_available": 0,
                "size_total": 66322432,
                "uuid": "N/A"
            },
            {
                "block_available": 0,
                "block_size": 131072,
                "block_total": 507,
                "block_used": 507,
                "device": "/dev/loop2",
                "fstype": "squashfs",
                "inode_available": 0,
                "inode_total": 11926,
                "inode_used": 11926,
                "mount": "/snap/core20/1852",
                "options": "ro,nodev,relatime,errors=continue",
                "size_available": 0,
                "size_total": 66453504,
                "uuid": "N/A"
            },
            {
                "block_available": 0,
                "block_size": 131072,
                "block_total": 584,
                "block_used": 584,
                "device": "/dev/loop4",
                "fstype": "squashfs",
                "inode_available": 0,
                "inode_total": 13342,
                "inode_used": 13342,
                "mount": "/snap/core22/583",
                "options": "ro,nodev,relatime,errors=continue",
                "size_available": 0,
                "size_total": 76546048,
                "uuid": "N/A"
            },
            {
                "block_available": 0,
                "block_size": 131072,
                "block_total": 584,
                "block_used": 584,
                "device": "/dev/loop3",
                "fstype": "squashfs",
                "inode_available": 0,
                "inode_total": 13341,
                "inode_used": 13341,
                "mount": "/snap/core22/547",
                "options": "ro,nodev,relatime,errors=continue",
                "size_available": 0,
                "size_total": 76546048,
                "uuid": "N/A"
            },
            {
                "block_available": 0,
                "block_size": 131072,
                "block_total": 1933,
                "block_used": 1933,
                "device": "/dev/loop5",
                "fstype": "squashfs",
                "inode_available": 0,
                "inode_total": 730,
                "inode_used": 730,
                "mount": "/snap/firefox/2432",
                "options": "ro,nodev,relatime,errors=continue",
                "size_available": 0,
                "size_total": 253362176,
                "uuid": "N/A"
            },
            {
                "block_available": 0,
                "block_size": 131072,
                "block_total": 3683,
                "block_used": 3683,
                "device": "/dev/loop7",
                "fstype": "squashfs",
                "inode_available": 0,
                "inode_total": 20214,
                "inode_used": 20214,
                "mount": "/snap/gnome-42-2204/65",
                "options": "ro,nodev,relatime,errors=continue",
                "size_available": 0,
                "size_total": 482738176,
                "uuid": "N/A"
            },
            {
                "block_available": 0,
                "block_size": 131072,
                "block_total": 1919,
                "block_used": 1919,
                "device": "/dev/loop6",
                "fstype": "squashfs",
                "inode_available": 0,
                "inode_total": 722,
                "inode_used": 722,
                "mount": "/snap/firefox/2487",
                "options": "ro,nodev,relatime,errors=continue",
                "size_available": 0,
                "size_total": 251527168,
                "uuid": "N/A"
            },
            {
                "block_available": 0,
                "block_size": 131072,
                "block_total": 734,
                "block_used": 734,
                "device": "/dev/loop8",
                "fstype": "squashfs",
                "inode_available": 0,
                "inode_total": 76208,
                "inode_used": 76208,
                "mount": "/snap/gtk-common-themes/1535",
                "options": "ro,nodev,relatime,errors=continue",
                "size_available": 0,
                "size_total": 96206848,
                "uuid": "N/A"
            },
            {
                "block_available": 0,
                "block_size": 131072,
                "block_total": 368,
                "block_used": 368,
                "device": "/dev/loop11",
                "fstype": "squashfs",
                "inode_available": 0,
                "inode_total": 17275,
                "inode_used": 17275,
                "mount": "/snap/snap-store/599",
                "options": "ro,nodev,relatime,errors=continue",
                "size_available": 0,
                "size_total": 48234496,
                "uuid": "N/A"
            },
            {
                "block_available": 0,
                "block_size": 131072,
                "block_total": 368,
                "block_used": 368,
                "device": "/dev/loop10",
                "fstype": "squashfs",
                "inode_available": 0,
                "inode_total": 17275,
                "inode_used": 17275,
                "mount": "/snap/snap-store/638",
                "options": "ro,nodev,relatime,errors=continue",
                "size_available": 0,
                "size_total": 48234496,
                "uuid": "N/A"
            },
            {
                "block_available": 0,
                "block_size": 131072,
                "block_total": 2771,
                "block_used": 2771,
                "device": "/dev/loop9",
                "fstype": "squashfs",
                "inode_available": 0,
                "inode_total": 18272,
                "inode_used": 18272,
                "mount": "/snap/gnome-3-38-2004/119",
                "options": "ro,nodev,relatime,errors=continue",
                "size_available": 0,
                "size_total": 363200512,
                "uuid": "N/A"
            },
            {
                "block_available": 0,
                "block_size": 131072,
                "block_total": 399,
                "block_used": 399,
                "device": "/dev/loop12",
                "fstype": "squashfs",
                "inode_available": 0,
                "inode_total": 496,
                "inode_used": 496,
                "mount": "/snap/snapd/18357",
                "options": "ro,nodev,relatime,errors=continue",
                "size_available": 0,
                "size_total": 52297728,
                "uuid": "N/A"
            },
            {
                "block_available": 0,
                "block_size": 131072,
                "block_total": 3,
                "block_used": 3,
                "device": "/dev/loop14",
                "fstype": "squashfs",
                "inode_available": 0,
                "inode_total": 24,
                "inode_used": 24,
                "mount": "/snap/snapd-desktop-integration/14",
                "options": "ro,nodev,relatime,errors=continue",
                "size_available": 0,
                "size_total": 393216,
                "uuid": "N/A"
            },
            {
                "block_available": 0,
                "block_size": 131072,
                "block_total": 399,
                "block_used": 399,
                "device": "/dev/loop13",
                "fstype": "squashfs",
                "inode_available": 0,
                "inode_total": 498,
                "inode_used": 498,
                "mount": "/snap/snapd/18596",
                "options": "ro,nodev,relatime,errors=continue",
                "size_available": 0,
                "size_total": 52297728,
                "uuid": "N/A"
            },
            {
                "block_available": 0,
                "block_size": 131072,
                "block_total": 4,
                "block_used": 4,
                "device": "/dev/loop15",
                "fstype": "squashfs",
                "inode_available": 0,
                "inode_total": 25,
                "inode_used": 25,
                "mount": "/snap/snapd-desktop-integration/57",
                "options": "ro,nodev,relatime,errors=continue",
                "size_available": 0,
                "size_total": 524288,
                "uuid": "N/A"
            },
            {
                "block_available": 51211525,
                "block_size": 4096,
                "block_total": 56644483,
                "block_used": 5432958,
                "device": "/dev/sda1",
                "fstype": "ext4",
                "inode_available": 14239436,
                "inode_total": 14458880,
                "inode_used": 219444,
                "mount": "/var/snap/firefox/common/host-hunspell",
                "options": "ro,noexec,noatime,errors=remount-ro,bind",
                "size_available": 209762406400,
                "size_total": 232015802368,
                "uuid": "5e0ba90a-8636-4357-977f-8a2ad2aa281d"
            },
            {
                "block_available": 82326,
                "block_size": 512,
                "block_total": 94689,
                "block_used": 12363,
                "device": "/dev/sda3",
                "fstype": "vfat",
                "inode_available": 0,
                "inode_total": 0,
                "inode_used": 0,
                "mount": "/boot/efi",
                "options": "rw,relatime,fmask=0077,dmask=0077,codepage=437,iocharset=iso8859-1,shortname=mixed,errors=remount-ro",
                "size_available": 42150912,
                "size_total": 48480768,
                "uuid": "74BD-42DD"
            },
            {
                "block_available": 66066611,
                "block_size": 4096,
                "block_total": 69627907,
                "block_used": 3561296,
                "device": "/dev/sda5",
                "fstype": "ext4",
                "inode_available": 17759465,
                "inode_total": 17760256,
                "inode_used": 791,
                "mount": "/home",
                "options": "rw,relatime",
                "size_available": 270608838656,
                "size_total": 285195907072,
                "uuid": "3f8fe54a-611a-4073-87de-f8c53dc57563"
            }
        ],
        "ansible_nodename": "osboxes",
        "ansible_os_family": "Debian",
        "ansible_pkg_mgr": "apt",
        "ansible_proc_cmdline": {
            "BOOT_IMAGE": "/boot/vmlinuz-5.19.0-31-generic",
            "quiet": true,
            "ro": true,
            "root": "UUID=5e0ba90a-8636-4357-977f-8a2ad2aa281d",
            "splash": true
        },
        "ansible_processor": [
            "0",
            "AuthenticAMD",
            "AMD Ryzen 5 5500U with Radeon Graphics",
            "1",
            "AuthenticAMD",
            "AMD Ryzen 5 5500U with Radeon Graphics",
            "2",
            "AuthenticAMD",
            "AMD Ryzen 5 5500U with Radeon Graphics"
        ],
        "ansible_processor_cores": 3,
        "ansible_processor_count": 1,
        "ansible_processor_nproc": 3,
        "ansible_processor_threads_per_core": 1,
        "ansible_processor_vcpus": 3,
        "ansible_product_name": "VirtualBox",
        "ansible_product_serial": "NA",
        "ansible_product_uuid": "NA",
        "ansible_product_version": "1.2",
        "ansible_python": {
            "executable": "/usr/bin/python3",
            "has_sslcontext": true,
            "type": "cpython",
            "version": {
                "major": 3,
                "micro": 7,
                "minor": 10,
                "releaselevel": "final",
                "serial": 0
            },
            "version_info": [
                3,
                10,
                7,
                "final",
                0
            ]
        },
        "ansible_python_version": "3.10.7",
        "ansible_real_group_id": 1000,
        "ansible_real_user_id": 1000,
        "ansible_selinux": {
            "status": "disabled"
        },
        "ansible_selinux_python_present": true,
        "ansible_service_mgr": "systemd",
        "ansible_ssh_host_key_ecdsa_public": "AAAAE2VjZHNhLXNoYTItbmlzdHAyNTYAAAAIbmlzdHAyNTYAAABBBLAgQZHVNtMF1JhiZiB8lvkGsXIOxvo3OQRPmFu3fM8XEOUArBU0eeS4x4C2WTeZA5dTCQr51FCt81a35yhaREw=",
        "ansible_ssh_host_key_ecdsa_public_keytype": "ecdsa-sha2-nistp256",
        "ansible_ssh_host_key_ed25519_public": "AAAAC3NzaC1lZDI1NTE5AAAAIHBMQjKnkG9n3BtQeHR0gY9PdtXuomVBh9GjrsSuMtUV",
        "ansible_ssh_host_key_ed25519_public_keytype": "ssh-ed25519",
        "ansible_ssh_host_key_rsa_public": "AAAAB3NzaC1yc2EAAAADAQABAAABgQC5LK/tGAhAi9OggUbvw2vkUUt52++GUO1y/qR2V6i1ygObC1DapL2DBLZ69WsVTeiA8VIa8GzJCPa9vqwMlYc7/yW5piD17NeDP0hp0HTm6mvwaiNR+YkzoyFGpfRdNLG0d92IM8cnzq5FW772MiL+rZG6lVkrY5iG3oBXwtsWBe802r2EgWAYT+I638peTDMCQ/nmbwjxLxAK/wJauncKdGPABZRaJId2jUzEbE9D3QnlKa1E9qIGiz/qScMwr17WYV7io7aEA/iFalcIwLvW/CHoNSrW3JYz/GkrDnuuZwAstwajESM87iKckhYAuepbV8oP1axiWlypDYf90ScGIOyTcTX2o52S6h8iyEbPI0nd2NDNgx5DZGkwv2U/YEu47vUL6Q8cSaUXvxi/NDY8JKZ7tyi+cSdsQPe9kxkhZMzKmJXPkvDqizqu2Vyv23zpzJFviUWmwpH5FIspVxMNRSsgcFV/icJozMX1KRJZISDZgk9B6AdNjlk8jYrBe7M=",
        "ansible_ssh_host_key_rsa_public_keytype": "ssh-rsa",
        "ansible_swapfree_mb": 8580,
        "ansible_swaptotal_mb": 8582,
        "ansible_system": "Linux",
        "ansible_system_capabilities": [
            ""
        ],
        "ansible_system_capabilities_enforced": "True",
        "ansible_system_vendor": "innotek GmbH",
        "ansible_uptime_seconds": 21927,
        "ansible_user_dir": "/home/osboxes",
        "ansible_user_gecos": "osboxes.org,,,",
        "ansible_user_gid": 1000,
        "ansible_user_id": "osboxes",
        "ansible_user_shell": "/bin/bash",
        "ansible_user_uid": 1000,
        "ansible_userspace_architecture": "x86_64",
        "ansible_userspace_bits": "64",
        "ansible_virtualization_role": "guest",
        "ansible_virtualization_tech_guest": [
            "virtualbox"
        ],
        "ansible_virtualization_tech_host": [],
        "ansible_virtualization_type": "virtualbox",
        "gather_subset": [
            "all"
        ],
        "module_setup": true
    },
    "changed": false
}
